<?xml version="1.0" encoding="UTF-8" ?>
<testsuite tests="5" failures="0" name="clinic.programming.training.ApplicationTest" time="0.008" errors="0" skipped="1">
  <properties>
[...]
</properties>
  <testcase classname="clinic.programming.training.ApplicationTest" name="testWordCountSingle" time="0.008"/>
  <testcase classname="clinic.programming.training.ApplicationTest" name="testWordCountString" time="0"/>
  <testcase classname="clinic.programming.training.ApplicationTest" name="testWordCountEmpty" time="0"/>
  <testcase classname="clinic.programming.training.ApplicationTest" name="testWordCountMore" time="0">
    <skipped/>
  </testcase>
  <testcase classname="clinic.programming.training.ApplicationTest" name="testWordCountNull" time="0"/>
</testsuite>